Build started 7/18/2011 8:28:09 PM.
     1>Project "F:\Coding Projects\audio-puzzle\audio-puzzle\audio-puzzle\audio-puzzle.vcxproj" on node 2 (build target(s)).
     1>InitializeBuildStatus:
         Creating "Debug\audio-puzzle project.unsuccessfulbuild" because "AlwaysCreate" was specified.
       ClCompile:
         f:\Apps\Visual Studio\C++ 2010 Express\VC\bin\CL.exe /c /ZI /nologo /W3 /WX- /Od /Oy- /D WIN32 /D _DEBUG /D _CONSOLE /D _UNICODE /D UNICODE /Gm /EHsc /RTC1 /MDd /GS /fp:precise /Zc:wchar_t /Zc:forScope /Yc"StdAfx.h" /Fp"Debug\audio-puzzle project.pch" /Fo"Debug\\" /Fd"Debug\vc100.pdb" /Gd /TP /analyze- /errorReport:prompt stdafx.cpp
         stdafx.cpp
         f:\Apps\Visual Studio\C++ 2010 Express\VC\bin\CL.exe /c /ZI /nologo /W3 /WX- /Od /Oy- /D WIN32 /D _DEBUG /D _CONSOLE /D _UNICODE /D UNICODE /Gm /EHsc /RTC1 /MDd /GS /fp:precise /Zc:wchar_t /Zc:forScope /Yu"StdAfx.h" /Fp"Debug\audio-puzzle project.pch" /Fo"Debug\\" /Fd"Debug\vc100.pdb" /Gd /TP /analyze- /errorReport:prompt main.cpp
         main.cpp
       ManifestResourceCompile:
         C:\Program Files (x86)\Microsoft SDKs\Windows\v7.0A\bin\rc.exe /nologo /fo"Debug\audio-puzzle project.exe.embed.manifest.res" "Debug\audio-puzzle project_manifest.rc" 
       Link:
         f:\Apps\Visual Studio\C++ 2010 Express\VC\bin\link.exe /ERRORREPORT:PROMPT /OUT:"F:\Coding Projects\audio-puzzle\audio-puzzle\..\build\Debug\audio-puzzle project.exe" /INCREMENTAL /NOLOGO msvcrt.lib msvcmrt.lib opengl32.lib glu32.lib sdl.lib sdlmain.lib kernel32.lib user32.lib gdi32.lib winspool.lib comdlg32.lib advapi32.lib shell32.lib ole32.lib oleaut32.lib uuid.lib odbc32.lib odbccp32.lib /NODEFAULTLIB /MANIFEST /ManifestFile:"Debug\audio-puzzle project.exe.intermediate.manifest" /MANIFESTUAC:"level='asInvoker' uiAccess='false'" /DEBUG /PDB:"F:\Coding Projects\audio-puzzle\build\Debug\audio-puzzle project.pdb" /SUBSYSTEM:WINDOWS /TLBID:1 /ENTRY:"mainCRTStartup" /DYNAMICBASE /NXCOMPAT /IMPLIB:"F:\Coding Projects\audio-puzzle\audio-puzzle\..\build\Debug\audio-puzzle project.lib" /MACHINE:X86 "Debug\audio-puzzle project.exe.embed.manifest.res"
         Debug\main.obj
         Debug\stdafx.obj
       Manifest:
         C:\Program Files (x86)\Microsoft SDKs\Windows\v7.0A\bin\mt.exe /nologo /verbose /out:"Debug\audio-puzzle project.exe.embed.manifest" /manifest "Debug\audio-puzzle project.exe.intermediate.manifest"
         All outputs are up-to-date.
       LinkEmbedManifest:
         All outputs are up-to-date.
         audio-puzzle.vcxproj -> F:\Coding Projects\audio-puzzle\audio-puzzle\..\build\Debug\audio-puzzle project.exe
       FinalizeBuildStatus:
         Deleting file "Debug\audio-puzzle project.unsuccessfulbuild".
         Touching "Debug\audio-puzzle project.lastbuildstate".
     1>Done Building Project "F:\Coding Projects\audio-puzzle\audio-puzzle\audio-puzzle\audio-puzzle.vcxproj" (build target(s)).

Build succeeded.

Time Elapsed 00:00:01.24
